<?xml version="1.0" encoding="UTF-8"?>
<!-- Generated by org.testng.reporters.JUnitReportReporter -->
<testsuite hostname="ASDW0142" name="NewTest" tests="9" failures="0" timestamp="28 Jun 2018 06:10:24 GMT" time="32.171" errors="0">
  <testcase name="step02_ClickOnText" time="0.815" classname="NewTest"/>
  <testcase name="step04_ClickOnApps" time="6.104" classname="NewTest"/>
  <testcase name="step08_SwapButton" time="0.102" classname="NewTest"/>
  <testcase name="step03_ClickOnConversation" time="4.659" classname="NewTest"/>
  <testcase name="step05_ClickOnForBusiness" time="5.576" classname="NewTest"/>
  <testcase name="step01_LaunchURL" time="0.653" classname="NewTest"/>
  <testcase name="step07_TextBox" time="5.154" classname="NewTest"/>
  <testcase name="step06_dropdown" time="5.327" classname="NewTest"/>
  <testcase name="step05_ClickOnHelp" time="3.781" classname="NewTest"/>
</testsuite> <!-- NewTest -->
