<?xml version="1.0" encoding="UTF-8"?>
<!-- Generated by org.testng.reporters.JUnitReportReporter -->
<testsuite hostname="ASDW0142" name="BingTranslator" tests="9" failures="0" timestamp="28 Jun 2018 06:31:24 GMT" time="30.736" errors="0">
  <testcase name="step04_ClickOnApps" time="4.649" classname="BingTranslator"/>
  <testcase name="step05_ClickOnHelp" time="3.470" classname="BingTranslator"/>
  <testcase name="step05_ClickOnForBusiness" time="5.896" classname="BingTranslator"/>
  <testcase name="step02_ClickOnText" time="0.811" classname="BingTranslator"/>
  <testcase name="step01_LaunchURL" time="0.691" classname="BingTranslator"/>
  <testcase name="step07_TextBox" time="5.122" classname="BingTranslator"/>
  <testcase name="step03_ClickOnConversation" time="3.732" classname="BingTranslator"/>
  <testcase name="step06_dropdown" time="5.277" classname="BingTranslator"/>
  <testcase name="step08_SwapButton" time="1.088" classname="BingTranslator"/>
</testsuite> <!-- BingTranslator -->
